[INFO] 15:46:42:130 Log de Prueba/(122093:122093): Hola! soy un log
[INFO] 15:46:42:132 Log de Prueba/(122093:122093): valor
[INFO] 15:51:21:649 Log de Prueba/(122288:122288): Hola! soy un log
[INFO] 15:51:21:650 Log de Prueba/(122288:122288): valor
[INFO] 15:52:34:487 Log de Prueba/(122375:122375): Hola! soy un log
[INFO] 15:52:34:488 Log de Prueba/(122375:122375): valor
[INFO] 15:52:53:303 Log de Prueba/(122393:122393): Hola! soy un log
[INFO] 15:52:53:304 Log de Prueba/(122393:122393): valor
[INFO] 15:54:53:044 Log de Prueba/(123038:123038): Hola! soy un log
[INFO] 15:54:53:047 Log de Prueba/(123038:123038): valor
[INFO] 15:54:54:321 Log de Prueba/(123050:123050): Hola! soy un log
[INFO] 15:54:54:321 Log de Prueba/(123050:123050): valor
[INFO] 15:54:54:409 Log de Prueba/(123059:123059): Hola! soy un log
[INFO] 15:54:54:409 Log de Prueba/(123059:123059): valor
[INFO] 15:54:55:547 Log de Prueba/(123069:123069): Hola! soy un log
[INFO] 15:54:55:548 Log de Prueba/(123069:123069): valor
[INFO] 16:04:36:857 Log de Prueba/(123359:123359): Hola! soy un log
[INFO] 16:04:36:860 Log de Prueba/(123359:123359): valor
[INFO] 16:06:34:658 Log de Prueba/(123651:123651): Hola! soy un log
[INFO] 16:06:34:661 Log de Prueba/(123651:123651): valor
[INFO] 16:08:35:032 Log de Prueba/(123742:123742): Hola! soy un log
[INFO] 16:08:35:048 Log de Prueba/(123742:123742): valor
[INFO] 16:09:00:245 Log de Prueba/(123768:123768): Hola! soy un log
[INFO] 16:09:00:249 Log de Prueba/(123768:123768): valor
[INFO] 16:10:54:972 Log de Prueba/(123829:123829): Hola! soy un log
[INFO] 16:10:54:976 Log de Prueba/(123829:123829): valor
[INFO] 16:15:47:888 Log de Prueba/(124054:124054): Hola! soy un log
[INFO] 16:15:47:889 Log de Prueba/(124054:124054): valor
[INFO] 16:49:12:937 Log de Prueba/(125269:125269): Hola! soy un log
[INFO] 16:49:12:938 Log de Prueba/(125269:125269): valor
[INFO] 16:52:37:016 Log de Prueba/(125298:125298): Hola! soy un log
[INFO] 16:52:37:016 Log de Prueba/(125298:125298): valor
[INFO] 16:52:58:348 Log de Prueba/(125333:125333): Hola! soy un log
[INFO] 16:52:58:348 Log de Prueba/(125333:125333): valor
[INFO] 16:53:14:733 Log de Prueba/(125369:125369): Hola! soy un log
[INFO] 16:53:14:734 Log de Prueba/(125369:125369): valor
[INFO] 17:15:27:123 Log de Prueba/(125786:125786): Hola! soy un log
[INFO] 17:15:27:124 Log de Prueba/(125786:125786): valor
[INFO] 17:15:37:696 Log de Prueba/(125821:125821): Hola! soy un log
[INFO] 17:15:37:696 Log de Prueba/(125821:125821): valor
[INFO] 17:22:26:409 Log de Prueba/(125906:125906): Hola! soy un log
[INFO] 17:22:26:409 Log de Prueba/(125906:125906): valor
[INFO] 22:03:55:554 Log de Prueba/(127459:127459): Hola! soy un log
[INFO] 22:03:55:557 Log de Prueba/(127459:127459): valor
[INFO] 23:51:34:139 Log de Prueba/(127664:127664): Hola! soy un log
[INFO] 23:51:34:139 Log de Prueba/(127664:127664): valor
[INFO] 00:01:26:769 Log de Prueba/(128045:128045): Hola! soy un log
[INFO] 00:01:26:769 Log de Prueba/(128045:128045): valor
[INFO] 00:09:58:877 Log de Prueba/(128173:128173): Hola! soy un log
[INFO] 00:09:58:881 Log de Prueba/(128173:128173): valor
[INFO] 00:17:03:793 Log de Prueba/(128388:128388): Hola! soy un log
[INFO] 00:17:03:793 Log de Prueba/(128388:128388): valor
[INFO] 01:03:56:902 Log de Prueba/(128677:128677): Hola! soy un log
[INFO] 01:03:56:907 Log de Prueba/(128677:128677): valor
[INFO] 01:04:12:312 Log de Prueba/(128685:128685): Hola! soy un log
[INFO] 01:04:12:312 Log de Prueba/(128685:128685): valor
[INFO] 01:06:08:679 Log de Prueba/(128714:128714): Hola! soy un log
[INFO] 01:06:08:680 Log de Prueba/(128714:128714): valor
[INFO] 01:13:16:229 Log de Prueba/(128790:128790): Hola! soy un log
[INFO] 01:13:16:229 Log de Prueba/(128790:128790): valor
[INFO] 01:28:31:741 Log de Prueba/(128922:128922): Hola! soy un log
[INFO] 01:28:31:742 Log de Prueba/(128922:128922): valor
[INFO] 01:28:50:802 Log de Prueba/(128936:128936): Hola! soy un log
[INFO] 01:28:50:803 Log de Prueba/(128936:128936): valor
[INFO] 16:05:30:328 Log de Prueba/(129944:129944): Hola! soy un log
[INFO] 16:05:30:329 Log de Prueba/(129944:129944): valor
[INFO] 16:06:14:713 Log de Prueba/(129994:129994): Hola! soy un log
[INFO] 16:06:14:713 Log de Prueba/(129994:129994): valor
[INFO] 16:07:17:971 Log de Prueba/(130032:130032): Hola! soy un log
[INFO] 16:07:17:972 Log de Prueba/(130032:130032): valor
[INFO] 16:07:21:060 Log de Prueba/(130032:130032): Enviando el mensaje LINES=24
[INFO] 16:19:02:590 Log de Prueba/(130241:130241): Hola! soy un log
[INFO] 16:19:02:591 Log de Prueba/(130241:130241): valor
[INFO] 16:19:03:832 Log de Prueba/(130241:130241): Enviando el mensaje valor
[INFO] 16:27:48:436 Log de Prueba/(130342:130342): Hola! soy un log
[INFO] 16:27:48:439 Log de Prueba/(130342:130342): valor
[INFO] 16:28:54:631 Log de Prueba/(130420:130420): Hola! soy un log
[INFO] 16:29:54:327 Log de Prueba/(130546:130546): Hola! soy un log
[INFO] 16:29:54:327 Log de Prueba/(130546:130546): valor
[INFO] 16:29:57:979 Log de Prueba/(130546:130546): Enviando el mensaje 0x5589f3483e80
[INFO] 16:34:56:425 Log de Prueba/(131427:131427): Hola! soy un log
[INFO] 16:35:49:752 Log de Prueba/(131427:131427): Enviando el mensaje LINES=24
[INFO] 16:37:20:321 Log de Prueba/(131595:131595): Hola! soy un log
[INFO] 16:37:20:327 Log de Prueba/(131595:131595): valor
[INFO] 16:37:48:303 Log de Prueba/(131643:131643): Hola! soy un log
[INFO] 16:37:48:304 Log de Prueba/(131643:131643): valor
[INFO] 16:55:55:292 Log de Prueba/(133527:133527): Hola! soy un log
[INFO] 16:55:55:296 Log de Prueba/(133527:133527): valor
[INFO] 16:56:27:672 Log de Prueba/(133548:133548): Hola! soy un log
[INFO] 16:56:27:672 Log de Prueba/(133548:133548): valor
[INFO] 17:16:39:288 Log de Prueba/(134103:134103): Hola! soy un log
[INFO] 17:16:39:292 Log de Prueba/(134103:134103): valor
[INFO] 17:16:41:411 Log de Prueba/(134103:134103): Enviando el mensaje LINES=24
[INFO] 17:17:05:069 Log de Prueba/(134123:134123): Hola! soy un log
[INFO] 17:17:05:070 Log de Prueba/(134123:134123): valor
[INFO] 17:17:06:964 Log de Prueba/(134123:134123): Enviando el mensaje LINES=24
[INFO] 17:45:14:363 Log de Prueba/(134310:134310): Hola! soy un log
[INFO] 17:45:14:369 Log de Prueba/(134310:134310): valor
[INFO] 17:45:58:853 Log de Prueba/(134340:134340): Hola! soy un log
[INFO] 17:45:58:853 Log de Prueba/(134340:134340): valor
[INFO] 17:46:53:082 Log de Prueba/(134370:134370): Hola! soy un log
[INFO] 17:46:53:083 Log de Prueba/(134370:134370): valor
[INFO] 17:47:07:880 Log de Prueba/(134405:134405): Hola! soy un log
[INFO] 17:47:07:880 Log de Prueba/(134405:134405): valor
[INFO] 17:47:08:882 Log de Prueba/(134405:134405): Enviando el mensaje LINES=37
[INFO] 18:11:06:278 Log de Prueba/(135906:135906): Hola! soy un log
[INFO] 18:11:06:282 Log de Prueba/(135906:135906): valor
[INFO] 18:11:16:818 Log de Prueba/(135906:135906): Enviando el mensaje LINES=24
[INFO] 18:12:02:968 Log de Prueba/(135962:135962): Hola! soy un log
[INFO] 18:12:08:375 Log de Prueba/(135962:135962): Enviando el mensaje LINES=24
[INFO] 18:12:24:702 Log de Prueba/(135997:135997): Hola! soy un log
[INFO] 18:54:25:611 Log de Prueba/(136714:136714): Hola! soy un log
[INFO] 18:54:25:613 Log de Prueba/(136714:136714): valor
[INFO] 18:54:29:896 Log de Prueba/(136714:136714): Enviando el mensaje LINES=24
[INFO] 02:08:57:459 Log de Prueba/(137858:137858): Hola! soy un log
[INFO] 02:08:57:462 Log de Prueba/(137858:137858): valor
[INFO] 02:09:45:175 Log de Prueba/(137912:137912): Hola! soy un log
[INFO] 02:09:45:176 Log de Prueba/(137912:137912): valor
[INFO] 02:11:11:086 Log de Prueba/(137965:137965): Hola! soy un log
[INFO] 02:11:11:086 Log de Prueba/(137965:137965): valor
[INFO] 02:11:20:653 Log de Prueba/(137977:137977): Hola! soy un log
[INFO] 02:11:20:659 Log de Prueba/(137977:137977): valor
[INFO] 02:11:32:291 Log de Prueba/(138017:138017): Hola! soy un log
[INFO] 02:11:32:294 Log de Prueba/(138017:138017): valor
[INFO] 02:31:49:208 Log de Prueba/(138239:138239): Hola! soy un log
[INFO] 02:31:49:211 Log de Prueba/(138239:138239): valor
[INFO] 02:31:53:763 Log de Prueba/(138239:138239): Enviando el mensaje LINES=24
[INFO] 02:34:24:795 Log de Prueba/(138272:138272): Hola! soy un log
[INFO] 02:34:24:796 Log de Prueba/(138272:138272): valor
[INFO] 02:34:25:799 Log de Prueba/(138272:138272): Enviando el mensaje LINES=24
[INFO] 02:35:40:429 Log de Prueba/(138313:138313): Hola! soy un log
[INFO] 02:35:40:430 Log de Prueba/(138313:138313): valor
[INFO] 02:36:17:425 Log de Prueba/(138352:138352): Hola! soy un log
[INFO] 02:36:17:425 Log de Prueba/(138352:138352): valor
[INFO] 02:40:55:683 Log de Prueba/(138419:138419): Hola! soy un log
[INFO] 02:41:59:596 Log de Prueba/(138419:138419): valor
[INFO] 02:46:02:117 Log de Prueba/(138684:138684): Hola! soy un log
[INFO] 02:46:26:874 Log de Prueba/(138684:138684): valor
[INFO] 02:47:45:289 Log de Prueba/(138760:138760): Hola! soy un log
[INFO] 02:47:46:142 Log de Prueba/(138760:138760): valor
[INFO] 02:50:11:469 Log de Prueba/(138835:138835): Hola! soy un log
[INFO] 02:50:11:469 Log de Prueba/(138835:138835): valor
[INFO] 02:50:13:346 Log de Prueba/(138835:138835): Enviando el mensaje valor
[INFO] 02:50:48:070 Log de Prueba/(138855:138855): Hola! soy un log
[INFO] 02:50:48:070 Log de Prueba/(138855:138855): valor
[INFO] 02:50:49:375 Log de Prueba/(138855:138855): Enviando el mensaje valor
[INFO] 03:07:24:675 Log de Prueba/(139066:139066): Hola! soy un log
[INFO] 03:07:24:691 Log de Prueba/(139066:139066): valor
[INFO] 03:07:28:420 Log de Prueba/(139066:139066): Enviando el mensaje valor
[INFO] 03:07:45:395 Log de Prueba/(139089:139089): Hola! soy un log
[INFO] 03:07:45:395 Log de Prueba/(139089:139089): valor
[INFO] 03:07:46:586 Log de Prueba/(139089:139089): Enviando el mensaje valor
[INFO] 13:56:13:395 Log de Prueba/(139814:139814): Hola! soy un log
[INFO] 13:56:13:397 Log de Prueba/(139814:139814): valor
[INFO] 13:56:24:108 Log de Prueba/(139814:139814): Enviando el mensaje valor
[INFO] 15:16:29:294 Log de Prueba/(140782:140782): Hola! soy un log
[INFO] 15:16:29:297 Log de Prueba/(140782:140782): valor
[INFO] 15:16:30:262 Log de Prueba/(140782:140782): Enviando el mensaje valor
[INFO] 17:06:36:935 Log de Prueba/(141163:141163): Hola! soy un log
[INFO] 17:06:36:942 Log de Prueba/(141163:141163): valor
[INFO] 17:06:38:804 Log de Prueba/(141163:141163): Enviando el mensaje valor
[INFO] 22:32:05:086 Log de Prueba/(143784:143784): Hola! soy un log
[INFO] 22:32:05:087 Log de Prueba/(143784:143784): valor
[INFO] 22:32:05:932 Log de Prueba/(143784:143784): Enviando el mensaje valor
[INFO] 22:33:33:148 Log de Prueba/(143993:143993): Hola! soy un log
[INFO] 22:33:33:149 Log de Prueba/(143993:143993): valor
[INFO] 22:33:34:551 Log de Prueba/(143993:143993): Enviando el mensaje valor
[INFO] 22:34:23:149 Log de Prueba/(144056:144056): Hola! soy un log
[INFO] 22:34:23:149 Log de Prueba/(144056:144056): valor
[INFO] 22:34:25:095 Log de Prueba/(144056:144056): Enviando el mensaje valor
[INFO] 23:03:57:537 Log de Prueba/(144263:144263): Hola! soy un log
[INFO] 23:03:57:539 Log de Prueba/(144263:144263): valor
[INFO] 23:03:58:482 Log de Prueba/(144263:144263): Enviando el mensaje valor
